# JRE version: OpenJDK Runtime Environment (8.0_242-b01) (build 1.8.0_242-release-1644-b01)
# Java VM: OpenJDK 64-Bit Server VM (25.242-b01 mixed mode windows-amd64 compressed oops)
Heap:
 PSYoungGen      total 480768K, used 37713K [0x00000000e0000000, 0x0000000100000000, 0x0000000100000000)
  eden space 450560K, 1% used [0x00000000e0000000,0x00000000e0758c60,0x00000000fb800000)
  from space 30208K, 99% used [0x00000000fe280000,0x00000000ffffba18,0x0000000100000000)
  to   space 36864K, 0% used [0x00000000fb800000,0x00000000fb800000,0x00000000fdc00000)
 ParOldGen       total 93696K, used 63069K [0x00000000a0000000, 0x00000000a5b80000, 0x00000000e0000000)
  object space 93696K, 67% used [0x00000000a0000000,0x00000000a3d976d0,0x00000000a5b80000)
 Metaspace       used 107860K, capacity 112086K, committed 112256K, reserved 1146880K
  class space    used 13547K, capacity 14364K, committed 14464K, reserved 1048576K
GC Heap History (10 events):
Event: 327.258 GC heap before
{Heap before GC invocations=34 (full 3):
 PSYoungGen      total 496128K, used 496096K [0x00000000e0000000, 0x0000000100000000, 0x0000000100000000)
  eden space 476160K, 100% used [0x00000000e0000000,0x00000000fd100000,0x00000000fd100000)
  from space 19968K, 99% used [0x00000000fec80000,0x00000000ffff8320,0x0000000100000000)
  to   space 24064K, 0% used [0x00000000fd100000,0x00000000fd100000,0x00000000fe880000)
 ParOldGen       total 93696K, used 49074K [0x00000000a0000000, 0x00000000a5b80000, 0x00000000e0000000)
  object space 93696K, 52% used [0x00000000a0000000,0x00000000a2fecbc8,0x00000000a5b80000)
 Metaspace       used 86741K, capacity 89788K, committed 89984K, reserved 1128448K
  class space    used 10976K, capacity 11595K, committed 11648K, reserved 1048576K
Event: 327.331 GC heap after
Heap after GC invocations=34 (full 3):
 PSYoungGen      total 500224K, used 24055K [0x00000000e0000000, 0x0000000100000000, 0x0000000100000000)
  eden space 476160K, 0% used [0x00000000e0000000,0x00000000e0000000,0x00000000fd100000)
  from space 24064K, 99% used [0x00000000fd100000,0x00000000fe87de68,0x00000000fe880000)
  to   space 24064K, 0% used [0x00000000fe880000,0x00000000fe880000,0x0000000100000000)
 ParOldGen       total 93696K, used 63704K [0x00000000a0000000, 0x00000000a5b80000, 0x00000000e0000000)
  object space 93696K, 67% used [0x00000000a0000000,0x00000000a3e363e8,0x00000000a5b80000)
 Metaspace       used 86741K, capacity 89788K, committed 89984K, reserved 1128448K
  class space    used 10976K, capacity 11595K, committed 11648K, reserved 1048576K
}
Event: 391.202 GC heap before
{Heap before GC invocations=35 (full 3):
 PSYoungGen      total 500224K, used 500215K [0x00000000e0000000, 0x0000000100000000, 0x0000000100000000)
  eden space 476160K, 100% used [0x00000000e0000000,0x00000000fd100000,0x00000000fd100000)
  from space 24064K, 99% used [0x00000000fd100000,0x00000000fe87de68,0x00000000fe880000)
  to   space 24064K, 0% used [0x00000000fe880000,0x00000000fe880000,0x0000000100000000)
 ParOldGen       total 93696K, used 63704K [0x00000000a0000000, 0x00000000a5b80000, 0x00000000e0000000)
  object space 93696K, 67% used [0x00000000a0000000,0x00000000a3e363e8,0x00000000a5b80000)
 Metaspace       used 92887K, capacity 96132K, committed 96384K, reserved 1132544K
  class space    used 11719K, capacity 12399K, committed 12416K, reserved 1048576K
Event: 391.261 GC heap after
Heap after GC invocations=35 (full 3):
 PSYoungGen      total 484864K, used 11226K [0x00000000e0000000, 0x0000000100000000, 0x0000000100000000)
  eden space 460800K, 0% used [0x00000000e0000000,0x00000000e0000000,0x00000000fc200000)
  from space 24064K, 46% used [0x00000000fe880000,0x00000000ff376a70,0x0000000100000000)
  to   space 31744K, 0% used [0x00000000fc200000,0x00000000fc200000,0x00000000fe100000)
 ParOldGen       total 93696K, used 68124K [0x00000000a0000000, 0x00000000a5b80000, 0x00000000e0000000)
  object space 93696K, 72% used [0x00000000a0000000,0x00000000a4287068,0x00000000a5b80000)
 Metaspace       used 92887K, capacity 96132K, committed 96384K, reserved 1132544K
  class space    used 11719K, capacity 12399K, committed 12416K, reserved 1048576K
}
Event: 392.207 GC heap before
{Heap before GC invocations=36 (full 3):
 PSYoungGen      total 484864K, used 41548K [0x00000000e0000000, 0x0000000100000000, 0x0000000100000000)
  eden space 460800K, 6% used [0x00000000e0000000,0x00000000e1d9c858,0x00000000fc200000)
  from space 24064K, 46% used [0x00000000fe880000,0x00000000ff376a70,0x0000000100000000)
  to   space 31744K, 0% used [0x00000000fc200000,0x00000000fc200000,0x00000000fe100000)
 ParOldGen       total 93696K, used 68124K [0x00000000a0000000, 0x00000000a5b80000, 0x00000000e0000000)
  object space 93696K, 72% used [0x00000000a0000000,0x00000000a4287068,0x00000000a5b80000)
 Metaspace       used 95218K, capacity 98470K, committed 98560K, reserved 1134592K
  class space    used 12066K, capacity 12752K, committed 12800K, reserved 1048576K
Event: 392.224 GC heap after
Heap after GC invocations=36 (full 3):
 PSYoungGen      total 492544K, used 7296K [0x00000000e0000000, 0x0000000100000000, 0x0000000100000000)
  eden space 460800K, 0% used [0x00000000e0000000,0x00000000e0000000,0x00000000fc200000)
  from space 31744K, 22% used [0x00000000fc200000,0x00000000fc9200d0,0x00000000fe100000)
  to   space 30208K, 0% used [0x00000000fe280000,0x00000000fe280000,0x0000000100000000)
 ParOldGen       total 93696K, used 68132K [0x00000000a0000000, 0x00000000a5b80000, 0x00000000e0000000)
  object space 93696K, 72% used [0x00000000a0000000,0x00000000a4289068,0x00000000a5b80000)
 Metaspace       used 95218K, capacity 98470K, committed 98560K, reserved 1134592K
  class space    used 12066K, capacity 12752K, committed 12800K, reserved 1048576K
}
Event: 392.224 GC heap before
{Heap before GC invocations=37 (full 4):
 PSYoungGen      total 492544K, used 7296K [0x00000000e0000000, 0x0000000100000000, 0x0000000100000000)
  eden space 460800K, 0% used [0x00000000e0000000,0x00000000e0000000,0x00000000fc200000)
  from space 31744K, 22% used [0x00000000fc200000,0x00000000fc9200d0,0x00000000fe100000)
  to   space 30208K, 0% used [0x00000000fe280000,0x00000000fe280000,0x0000000100000000)
 ParOldGen       total 93696K, used 68132K [0x00000000a0000000, 0x00000000a5b80000, 0x00000000e0000000)
  object space 93696K, 72% used [0x00000000a0000000,0x00000000a4289068,0x00000000a5b80000)
 Metaspace       used 95218K, capacity 98470K, committed 98560K, reserved 1134592K
  class space    used 12066K, capacity 12752K, committed 12800K, reserved 1048576K
Event: 394.932 GC heap after
Heap after GC invocations=37 (full 4):
 PSYoungGen      total 492544K, used 0K [0x00000000e0000000, 0x0000000100000000, 0x0000000100000000)
  eden space 460800K, 0% used [0x00000000e0000000,0x00000000e0000000,0x00000000fc200000)
  from space 31744K, 0% used [0x00000000fc200000,0x00000000fc200000,0x00000000fe100000)
  to   space 30208K, 0% used [0x00000000fe280000,0x00000000fe280000,0x0000000100000000)
 ParOldGen       total 93696K, used 59939K [0x00000000a0000000, 0x00000000a5b80000, 0x00000000e0000000)
  object space 93696K, 63% used [0x00000000a0000000,0x00000000a3a88e50,0x00000000a5b80000)
 Metaspace       used 95218K, capacity 98470K, committed 98560K, reserved 1134592K
  class space    used 12066K, capacity 12752K, committed 12800K, reserved 1048576K
}
Event: 416.473 GC heap before
{Heap before GC invocations=38 (full 4):
 PSYoungGen      total 492544K, used 460800K [0x00000000e0000000, 0x0000000100000000, 0x0000000100000000)
  eden space 460800K, 100% used [0x00000000e0000000,0x00000000fc200000,0x00000000fc200000)
  from space 31744K, 0% used [0x00000000fc200000,0x00000000fc200000,0x00000000fe100000)
  to   space 30208K, 0% used [0x00000000fe280000,0x00000000fe280000,0x0000000100000000)
 ParOldGen       total 93696K, used 59939K [0x00000000a0000000, 0x00000000a5b80000, 0x00000000e0000000)
  object space 93696K, 63% used [0x00000000a0000000,0x00000000a3a88e50,0x00000000a5b80000)
 Metaspace       used 107847K, capacity 112086K, committed 112256K, reserved 1146880K
  class space    used 13547K, capacity 14364K, committed 14464K, reserved 1048576K
Event: 417.140 GC heap after
Heap after GC invocations=38 (full 4):
 PSYoungGen      total 480768K, used 30190K [0x00000000e0000000, 0x0000000100000000, 0x0000000100000000)
  eden space 450560K, 0% used [0x00000000e0000000,0x00000000e0000000,0x00000000fb800000)
  from space 30208K, 99% used [0x00000000fe280000,0x00000000ffffba18,0x0000000100000000)
  to   space 36864K, 0% used [0x00000000fb800000,0x00000000fb800000,0x00000000fdc00000)
 ParOldGen       total 93696K, used 63069K [0x00000000a0000000, 0x00000000a5b80000, 0x00000000e0000000)
  object space 93696K, 67% used [0x00000000a0000000,0x00000000a3d976d0,0x00000000a5b80000)
 Metaspace       used 107847K, capacity 112086K, committed 112256K, reserved 1146880K
  class space    used 13547K, capacity 14364K, committed 14464K, reserved 1048576K
}

